#
# A fatal error has been detected by the Java Runtime Environment:
#
#  EXCEPTION_ACCESS_VIOLATION (0xc0000005) at pc=0x00007ffd80bffa7a, pid=11036, tid=8696
#
# JRE version: OpenJDK Runtime Environment Temurin-17.0.4+8 (17.0.4+8) (build 17.0.4+8)
# Java VM: OpenJDK 64-Bit Server VM Temurin-17.0.4+8 (17.0.4+8, mixed mode, tiered, compressed oops, compressed class ptrs, g1 gc, windows-amd64)
# Problematic frame:
# V  [jvm.dll+0x79fa7a]
#
# No core dump will be written. Minidumps are not enabled by default on client versions of Windows
#
# If you would like to submit a bug report, please visit:
#   https://github.com/adoptium/adoptium-support/issues
#

---------------  S U M M A R Y ------------

Command Line: -XX:+ShowCodeDetailsInExceptionMessages -agentlib:jdwp=transport=dt_socket,suspend=y,address=localhost:53774 -ea -javaagent:D:\Eclipse\eclipse\configuration\org.eclipse.osgi\215\0\.cp\lib\javaagent-shaded.jar -Dfile.encoding=UTF-8 org.eclipse.jdt.internal.junit.runner.RemoteTestRunner -version 3 -port 53773 -testLoaderClass org.eclipse.jdt.internal.junit4.runner.JUnit4TestLoader -loaderpluginname org.eclipse.jdt.junit4.runtime -test HeapSortTest:testMain

Host: 11th Gen Intel(R) Core(TM) i7-1165G7 @ 2.80GHz, 8 cores, 31G,  Windows 10 , 64 bit Build 19041 (10.0.19041.1889)
Time: Wed Oct 26 16:19:28 2022 Eastern Daylight Time elapsed time: 100.625768 seconds (0d 0h 1m 40s)

---------------  T H R E A D  ---------------

Current thread (0x000001aafeff5d30):  JavaThread "JDWP Transport Listener: dt_socket" daemon [_thread_in_vm, id=8696, stack(0x0000003d47000000,0x0000003d47100000)]

Stack: [0x0000003d47000000,0x0000003d47100000],  sp=0x0000003d470ff230,  free space=1020k
Native frames: (J=compiled Java code, j=interpreted, Vv=VM code, C=native code)
V  [jvm.dll+0x79fa7a]
V  [jvm.dll+0x50963c]
V  [jvm.dll+0x4d0ca4]
C  [jdwp.dll+0x22f7b]


siginfo: EXCEPTION_ACCESS_VIOLATION (0xc0000005), reading address 0x000000000098009b


Register to memory mapping:

RIP=0x00007ffd80bffa7a jvm.dll
RAX=0x0000000000000099 is an unknown value
RBX=0x000001aafee8042a points into unknown readable memory: 6c 65 00 73 63 00
RCX=0x0000000000980097 is an unknown value
RDX=0x000001aaff19dfd0 points into unknown readable memory: 0x7061654878614d4c | 4c 4d 61 78 48 65 61 70
RSP=0x0000003d470ff230 is pointing into the stack for thread: 0x000001aafeff5d30
RBP=0x000001aafef54550 points into unknown readable memory: 0x0000000000000002 | 02 00 00 00 00 00 00 00
RSI=0x0 is NULL
RDI=0xffffffffffffffff is an unknown value
R8 =0x000000000000000c is an unknown value
R9 =0x000000000000001d is an unknown value
R10=0x0 is NULL
R11=0x0000003d470ff250 is pointing into the stack for thread: 0x000001aafeff5d30
R12=0x0000003d470ff388 is pointing into the stack for thread: 0x000001aafeff5d30
R13=0x0 is NULL
R14=0x0000000800121c20 is a pointer to class: 
MaxHeap {0x0000000800121c28}
 - instance size:     3
 - klass size:        75
 - access:            synchronized 
 - state:             fully_initialized
 - name:              'MaxHeap'
 - super:             'java/lang/Object'
 - sub:               
 - arrays:            NULL
 - methods:           Array<T>(0x000001aa9026e160)
 - method ordering:   Array<T>(0x000001aa9026f108)
 - default_methods:   Array<T>(0x0000000000000000)
 - local interfaces:  Array<T>(0x000001aafe400058)
 - trans. interfaces: Array<T>(0x000001aafe400058)
 - constants:         constant pool [155] {0x000001aa90270008} for 'MaxHeap' cache=0x000001aa90270570
 - class loader data:  loader data: 0x000001aafec55f00 for instance a 'jdk/internal/loader/ClassLoaders$AppClassLoader'{0x00000006234f8968}
 - source file:       'MaxHeap.java'
 - source debug extension:       SMAP
MaxHeap.java
Java
*S jdt
*F
1 MaxHeap.java
2 file:/D:/Eclipse%20Workplace/ExternalSort3/bin/
*L
*E

 - class annotations:       Array<T>(0x0000000000000000)
 - class type annotations:  Array<T>(0x0000000000000000)
 - field annotations:       Array<T>(0x0000000000000000)
 - field type annotations:  Array<T>(0x0000000000000000)
 - previous version:  constant pool [151] {0x000001aa90269b90} for 'MaxHeap' (extra) cache=0x000001aa9026b100
 - generic signature: '
[error occurred during error reporting (printing register info), id 0xc0000005, EXCEPTION_ACCESS_VIOLATION (0xc0000005) at pc=0x00007ffd80c00686]

Registers:
RAX=0x0000000000000099, RBX=0x000001aafee8042a, RCX=0x0000000000980097, RDX=0x000001aaff19dfd0
RSP=0x0000003d470ff230, RBP=0x000001aafef54550, RSI=0x0000000000000000, RDI=0xffffffffffffffff
R8 =0x000000000000000c, R9 =0x000000000000001d, R10=0x0000000000000000, R11=0x0000003d470ff250
R12=0x0000003d470ff388, R13=0x0000000000000000, R14=0x0000000800121c20, R15=0x0000003d470ff3d8
RIP=0x00007ffd80bffa7a, EFLAGS=0x0000000000010206

Top of Stack: (sp=0x0000003d470ff230)
0x0000003d470ff230:   0000000000000007 0000000800121c20
0x0000003d470ff240:   000001aafeff5d30 0000000000000000
0x0000003d470ff250:   ffffffffffffffff 00007ffd8096963c
0x0000003d470ff260:   000001aafee8042a 000001aafee80420
0x0000003d470ff270:   000001aafef54550 000001aaff221a30
0x0000003d470ff280:   000001aafee80400 00000000000003d8
0x0000003d470ff290:   000001aafee80410 000001aafee807e8
0x0000003d470ff2a0:   0000000000000002 0000003d470ff388
0x0000003d470ff2b0:   0000000000000000 0000000000000000
0x0000003d470ff2c0:   0000000622431800 00007ffd80930ca4
0x0000003d470ff2d0:   000001aafeff5d30 0000003d470ff3d8
0x0000003d470ff2e0:   000001aae5dfd470 0000003d470ff3d8
0x0000003d470ff2f0:   000001aafeff5d30 0000000000000000
0x0000003d470ff300:   000001aa00000000 0000000000000000
0x0000003d470ff310:   000000000000000d 00007ffe08a72f7b
0x0000003d470ff320:   0000003d470ff3d0 00007ffe08a81600 

Instructions: (pc=0x00007ffd80bffa7a)
0x00007ffd80bff97a:   48 83 c4 20 5f e9 6c 69 90 ff cc cc cc cc cc cc
0x00007ffd80bff98a:   cc cc cc cc cc cc 48 89 5c 24 08 57 48 83 ec 20
0x00007ffd80bff99a:   83 fa 02 8d 42 06 b9 08 00 00 00 49 8b d8 0f 4e
0x00007ffd80bff9aa:   c1 48 63 c8 48 83 c1 07 83 e1 f8 48 63 f9 49 8b
0x00007ffd80bff9ba:   48 18 48 8b c7 48 f7 d0 48 3b c1 73 16 4c 8d 05
0x00007ffd80bff9ca:   6a 58 17 00 48 8b d7 48 8b cb e8 77 cc 90 ff 48
0x00007ffd80bff9da:   8b 4b 18 48 8d 04 39 48 3b 43 20 76 18 45 33 c0
0x00007ffd80bff9ea:   48 8b d7 48 8b cb 48 8b 5c 24 30 48 83 c4 20 5f
0x00007ffd80bff9fa:   e9 d1 c8 90 ff 48 89 43 18 48 8b c1 48 8b 5c 24
0x00007ffd80bffa0a:   30 48 83 c4 20 5f c3 cc cc cc cc cc cc cc cc cc
0x00007ffd80bffa1a:   cc cc cc cc cc cc 4c 8b d2 4c 8b d9 45 85 c0 7e
0x00007ffd80bffa2a:   3c 44 0f b7 49 04 41 8d 40 ff 41 3b c1 44 0f 4c
0x00007ffd80bffa3a:   c8 4d 63 c1 45 85 c9 7e 1f 48 8b c2 4c 2b da 49
0x00007ffd80bffa4a:   8b d0 0f 1f 40 00 41 0f b6 4c 03 06 88 08 48 8d
0x00007ffd80bffa5a:   40 01 48 83 ea 01 75 ee 43 c6 04 10 00 49 8b c2
0x00007ffd80bffa6a:   c3 cc cc cc cc cc 48 89 5c 24 08 57 48 83 ec 20
0x00007ffd80bffa7a:   0f b7 59 04 48 8b f9 33 d2 48 8d 4b 01 e8 c4 d9
0x00007ffd80bffa8a:   f2 ff 0f b7 57 04 4c 8b c0 3b da 0f 42 d3 44 8b
0x00007ffd80bffa9a:   ca 85 d2 74 39 48 2b f8 0f 1f 40 00 66 66 0f 1f
0x00007ffd80bffaaa:   84 00 00 00 00 00 0f b6 4c 07 06 88 08 48 ff c0
0x00007ffd80bffaba:   48 8b c8 49 2b c8 49 3b c9 7c eb 42 c6 04 02 00
0x00007ffd80bffaca:   49 8b c0 48 8b 5c 24 30 48 83 c4 20 5f c3 48 8b
0x00007ffd80bffada:   5c 24 30 c6 04 02 00 48 83 c4 20 5f c3 cc cc cc
0x00007ffd80bffaea:   cc cc cc cc cc cc 4c 8b d1 45 85 c0 7e 6c 44 0f
0x00007ffd80bffafa:   b7 49 04 41 8d 40 ff 41 3b c1 44 0f 4c c8 4d 63
0x00007ffd80bffb0a:   d9 45 85 c9 7e 22 48 8b ca 4c 2b d2 4d 8b c3 0f
0x00007ffd80bffb1a:   1f 80 00 00 00 00 41 0f b6 44 0a 06 88 01 48 8d
0x00007ffd80bffb2a:   49 01 49 83 e8 01 75 ee 41 c6 04 13 00 48 c7 c0
0x00007ffd80bffb3a:   ff ff ff ff 66 90 48 ff c0 80 3c 02 00 75 f7 48
0x00007ffd80bffb4a:   63 c8 85 c0 48 8b c2 7e 14 80 38 2f 75 03 c6 00
0x00007ffd80bffb5a:   2e 48 ff c0 48 83 e9 01 75 ef 48 8b c2 c3 cc cc
0x00007ffd80bffb6a:   cc cc cc cc cc cc 48 83 ec 28 e8 f7 fe ff ff 4c 


Stack slot to memory mapping:
stack at sp + 0 slots: 0x0000000000000007 is an unknown value
stack at sp + 1 slots: 0x0000000800121c20 is a pointer to class: 
MaxHeap {0x0000000800121c28}
 - instance size:     3
 - klass size:        75
 - access:            synchronized 
 - state:             fully_initialized
 - name:              'MaxHeap'
 - super:             'java/lang/Object'
 - sub:               
 - arrays:            NULL
 - methods:           Array<T>(0x000001aa9026e160)
 - method ordering:   Array<T>(0x000001aa9026f108)
 - default_methods:   Array<T>(0x0000000000000000)
 - local interfaces:  Array<T>(0x000001aafe400058)
 - trans. interfaces: Array<T>(0x000001aafe400058)
 - constants:         constant pool [155] {0x000001aa90270008} for 'MaxHeap' cache=0x000001aa90270570
 - class loader data:  loader data: 0x000001aafec55f00 for instance a 'jdk/internal/loader/ClassLoaders$AppClassLoader'{0x00000006234f8968}
 - source file:       'MaxHeap.java'
 - source debug extension:       SMAP
MaxHeap.java
Java
*S jdt
*F
1 MaxHeap.java
2 file:/D:/Eclipse%20Workplace/ExternalSort3/bin/
*L
*E

 - class annotations:       Array<T>(0x0000000000000000)
 - class type annotations:  Array<T>(0x0000000000000000)
 - field annotations:       Array<T>(0x0000000000000000)
 - field type annotations:  Array<T>(0x0000000000000000)
 - previous version:  constant pool [151] {0x000001aa90269b90} for 'MaxHeap' (extra) cache=0x000001aa9026b100
 - generic signature: '
[error occurred during error reporting (inspecting top of stack), id 0xc0000005, EXCEPTION_ACCESS_VIOLATION (0xc0000005) at pc=0x00007ffd80c00686]


---------------  P R O C E S S  ---------------

Threads class SMR info:
_java_thread_list=0x000001aaff531be0, length=16, elements={
0x000001aae5e12ac0, 0x000001aafec50e50, 0x000001aafec51990, 0x000001aafecbf970,
0x000001aafecc0230, 0x000001aafecdbd10, 0x000001aafecdc5d0, 0x000001aafecdd5c0,
0x000001aafecef880, 0x000001aafecf8560, 0x000001aafee11010, 0x000001aafeff5d30,
0x000001aafeff67f0, 0x000001aafef868e0, 0x000001aaff16fe10, 0x000001aaff2089d0
}

Java Threads: ( => current thread )
  0x000001aae5e12ac0 JavaThread "main" [_thread_blocked, id=16452, stack(0x0000003d45e00000,0x0000003d45f00000)]
  0x000001aafec50e50 JavaThread "Reference Handler" daemon [_thread_blocked, id=13848, stack(0x0000003d46500000,0x0000003d46600000)]
  0x000001aafec51990 JavaThread "Finalizer" daemon [_thread_blocked, id=9300, stack(0x0000003d46600000,0x0000003d46700000)]
  0x000001aafecbf970 JavaThread "Signal Dispatcher" daemon [_thread_blocked, id=12952, stack(0x0000003d46700000,0x0000003d46800000)]
  0x000001aafecc0230 JavaThread "Attach Listener" daemon [_thread_blocked, id=3668, stack(0x0000003d46800000,0x0000003d46900000)]
  0x000001aafecdbd10 JavaThread "Service Thread" daemon [_thread_blocked, id=4540, stack(0x0000003d46900000,0x0000003d46a00000)]
  0x000001aafecdc5d0 JavaThread "Monitor Deflation Thread" daemon [_thread_blocked, id=12140, stack(0x0000003d46a00000,0x0000003d46b00000)]
  0x000001aafecdd5c0 JavaThread "C2 CompilerThread0" daemon [_thread_blocked, id=6108, stack(0x0000003d46b00000,0x0000003d46c00000)]
  0x000001aafecef880 JavaThread "C1 CompilerThread0" daemon [_thread_blocked, id=13080, stack(0x0000003d46c00000,0x0000003d46d00000)]
  0x000001aafecf8560 JavaThread "Sweeper thread" daemon [_thread_blocked, id=3924, stack(0x0000003d46d00000,0x0000003d46e00000)]
  0x000001aafee11010 JavaThread "Common-Cleaner" daemon [_thread_blocked, id=16340, stack(0x0000003d46e00000,0x0000003d46f00000)]
=>0x000001aafeff5d30 JavaThread "JDWP Transport Listener: dt_socket" daemon [_thread_in_vm, id=8696, stack(0x0000003d47000000,0x0000003d47100000)]
  0x000001aafeff67f0 JavaThread "JDWP Event Helper Thread" daemon [_thread_blocked, id=11528, stack(0x0000003d47100000,0x0000003d47200000)]
  0x000001aafef868e0 JavaThread "JDWP Command Reader" daemon [_thread_in_native, id=1232, stack(0x0000003d47200000,0x0000003d47300000)]
  0x000001aaff16fe10 JavaThread "Notification Thread" daemon [_thread_blocked, id=14192, stack(0x0000003d47300000,0x0000003d47400000)]
  0x000001aaff2089d0 JavaThread "ReaderThread" [_thread_in_native, id=9372, stack(0x0000003d47500000,0x0000003d47600000)]

Other Threads:
  0x000001aafec79040 VMThread "VM Thread" [stack: 0x0000003d46400000,0x0000003d46500000] [id=17364]
  0x000001aaff34f3e0 WatcherThread [stack: 0x0000003d47400000,0x0000003d47500000] [id=15088]
  0x000001aae5ebec00 GCTaskThread "GC Thread#0" [stack: 0x0000003d45f00000,0x0000003d46000000] [id=5224]
  0x000001aae5ed0030 ConcurrentGCThread "G1 Main Marker" [stack: 0x0000003d46000000,0x0000003d46100000] [id=15556]
  0x000001aae5ed0950 ConcurrentGCThread "G1 Conc#0" [stack: 0x0000003d46100000,0x0000003d46200000] [id=7724]
  0x000001aae5eee960 ConcurrentGCThread "G1 Refine#0" [stack: 0x0000003d46200000,0x0000003d46300000] [id=4844]
  0x000001aafdf0db70 ConcurrentGCThread "G1 Service" [stack: 0x0000003d46300000,0x0000003d46400000] [id=14448]

Threads with active compile tasks:

VM state: not at safepoint (normal execution)

VM Mutex/Monitor currently owned by a thread: None

Heap address: 0x0000000603800000, size: 8136 MB, Compressed Oops mode: Zero based, Oop shift amount: 3

CDS archive(s) not mapped
Compressed class space mapped at: 0x0000000800000000-0x0000000840000000, reserved size: 1073741824
Narrow klass base: 0x0000000800000000, Narrow klass shift: 0, Narrow klass range: 0x40000000

GC Precious Log:
 CPUs: 8 total, 8 available
 Memory: 32533M
 Large Page Support: Disabled
 NUMA Support: Disabled
 Compressed Oops: Enabled (Zero based)
 Heap Region Size: 4M
 Heap Min Capacity: 8M
 Heap Initial Capacity: 512M
 Heap Max Capacity: 8136M
 Pre-touch: Disabled
 Parallel Workers: 8
 Concurrent Workers: 2
 Concurrent Refinement Workers: 8
 Periodic GC: Disabled

Heap:
 garbage-first heap   total 524288K, used 16384K [0x0000000603800000, 0x0000000800000000)
  region size 4096K, 5 young (20480K), 0 survivors (0K)
 Metaspace       used 12579K, committed 12800K, reserved 1064960K
  class space    used 1172K, committed 1280K, reserved 1048576K

Heap Regions: E=young(eden), S=young(survivor), O=old, HS=humongous(starts), HC=humongous(continues), CS=collection set, F=free, OA=open archive, CA=closed archive, TAMS=top-at-mark-start (previous, next)
|   0|0x0000000603800000, 0x0000000603800000, 0x0000000603c00000|  0%| F|  |TAMS 0x0000000603800000, 0x0000000603800000| Untracked 
|   1|0x0000000603c00000, 0x0000000603c00000, 0x0000000604000000|  0%| F|  |TAMS 0x0000000603c00000, 0x0000000603c00000| Untracked 
|   2|0x0000000604000000, 0x0000000604000000, 0x0000000604400000|  0%| F|  |TAMS 0x0000000604000000, 0x0000000604000000| Untracked 
|   3|0x0000000604400000, 0x0000000604400000, 0x0000000604800000|  0%| F|  |TAMS 0x0000000604400000, 0x0000000604400000| Untracked 
|   4|0x0000000604800000, 0x0000000604800000, 0x0000000604c00000|  0%| F|  |TAMS 0x0000000604800000, 0x0000000604800000| Untracked 
|   5|0x0000000604c00000, 0x0000000604c00000, 0x0000000605000000|  0%| F|  |TAMS 0x0000000604c00000, 0x0000000604c00000| Untracked 
|   6|0x0000000605000000, 0x0000000605000000, 0x0000000605400000|  0%| F|  |TAMS 0x0000000605000000, 0x0000000605000000| Untracked 
|   7|0x0000000605400000, 0x0000000605400000, 0x0000000605800000|  0%| F|  |TAMS 0x0000000605400000, 0x0000000605400000| Untracked 
|   8|0x0000000605800000, 0x0000000605800000, 0x0000000605c00000|  0%| F|  |TAMS 0x0000000605800000, 0x0000000605800000| Untracked 
|   9|0x0000000605c00000, 0x0000000605c00000, 0x0000000606000000|  0%| F|  |TAMS 0x0000000605c00000, 0x0000000605c00000| Untracked 
|  10|0x0000000606000000, 0x0000000606000000, 0x0000000606400000|  0%| F|  |TAMS 0x0000000606000000, 0x0000000606000000| Untracked 
|  11|0x0000000606400000, 0x0000000606400000, 0x0000000606800000|  0%| F|  |TAMS 0x0000000606400000, 0x0000000606400000| Untracked 
|  12|0x0000000606800000, 0x0000000606800000, 0x0000000606c00000|  0%| F|  |TAMS 0x0000000606800000, 0x0000000606800000| Untracked 
|  13|0x0000000606c00000, 0x0000000606c00000, 0x0000000607000000|  0%| F|  |TAMS 0x0000000606c00000, 0x0000000606c00000| Untracked 
|  14|0x0000000607000000, 0x0000000607000000, 0x0000000607400000|  0%| F|  |TAMS 0x0000000607000000, 0x0000000607000000| Untracked 
|  15|0x0000000607400000, 0x0000000607400000, 0x0000000607800000|  0%| F|  |TAMS 0x0000000607400000, 0x0000000607400000| Untracked 
|  16|0x0000000607800000, 0x0000000607800000, 0x0000000607c00000|  0%| F|  |TAMS 0x0000000607800000, 0x0000000607800000| Untracked 
|  17|0x0000000607c00000, 0x0000000607c00000, 0x0000000608000000|  0%| F|  |TAMS 0x0000000607c00000, 0x0000000607c00000| Untracked 
|  18|0x0000000608000000, 0x0000000608000000, 0x0000000608400000|  0%| F|  |TAMS 0x0000000608000000, 0x0000000608000000| Untracked 
|  19|0x0000000608400000, 0x0000000608400000, 0x0000000608800000|  0%| F|  |TAMS 0x0000000608400000, 0x0000000608400000| Untracked 
|  20|0x0000000608800000, 0x0000000608800000, 0x0000000608c00000|  0%| F|  |TAMS 0x0000000608800000, 0x0000000608800000| Untracked 
|  21|0x0000000608c00000, 0x0000000608c00000, 0x0000000609000000|  0%| F|  |TAMS 0x0000000608c00000, 0x0000000608c00000| Untracked 
|  22|0x0000000609000000, 0x0000000609000000, 0x0000000609400000|  0%| F|  |TAMS 0x0000000609000000, 0x0000000609000000| Untracked 
|  23|0x0000000609400000, 0x0000000609400000, 0x0000000609800000|  0%| F|  |TAMS 0x0000000609400000, 0x0000000609400000| Untracked 
|  24|0x0000000609800000, 0x0000000609800000, 0x0000000609c00000|  0%| F|  |TAMS 0x0000000609800000, 0x0000000609800000| Untracked 
|  25|0x0000000609c00000, 0x0000000609c00000, 0x000000060a000000|  0%| F|  |TAMS 0x0000000609c00000, 0x0000000609c00000| Untracked 
|  26|0x000000060a000000, 0x000000060a000000, 0x000000060a400000|  0%| F|  |TAMS 0x000000060a000000, 0x000000060a000000| Untracked 
|  27|0x000000060a400000, 0x000000060a400000, 0x000000060a800000|  0%| F|  |TAMS 0x000000060a400000, 0x000000060a400000| Untracked 
|  28|0x000000060a800000, 0x000000060a800000, 0x000000060ac00000|  0%| F|  |TAMS 0x000000060a800000, 0x000000060a800000| Untracked 
|  29|0x000000060ac00000, 0x000000060ac00000, 0x000000060b000000|  0%| F|  |TAMS 0x000000060ac00000, 0x000000060ac00000| Untracked 
|  30|0x000000060b000000, 0x000000060b000000, 0x000000060b400000|  0%| F|  |TAMS 0x000000060b000000, 0x000000060b000000| Untracked 
|  31|0x000000060b400000, 0x000000060b400000, 0x000000060b800000|  0%| F|  |TAMS 0x000000060b400000, 0x000000060b400000| Untracked 
|  32|0x000000060b800000, 0x000000060b800000, 0x000000060bc00000|  0%| F|  |TAMS 0x000000060b800000, 0x000000060b800000| Untracked 
|  33|0x000000060bc00000, 0x000000060bc00000, 0x000000060c000000|  0%| F|  |TAMS 0x000000060bc00000, 0x000000060bc00000| Untracked 
|  34|0x000000060c000000, 0x000000060c000000, 0x000000060c400000|  0%| F|  |TAMS 0x000000060c000000, 0x000000060c000000| Untracked 
|  35|0x000000060c400000, 0x000000060c400000, 0x000000060c800000|  0%| F|  |TAMS 0x000000060c400000, 0x000000060c400000| Untracked 
|  36|0x000000060c800000, 0x000000060c800000, 0x000000060cc00000|  0%| F|  |TAMS 0x000000060c800000, 0x000000060c800000| Untracked 
|  37|0x000000060cc00000, 0x000000060cc00000, 0x000000060d000000|  0%| F|  |TAMS 0x000000060cc00000, 0x000000060cc00000| Untracked 
|  38|0x000000060d000000, 0x000000060d000000, 0x000000060d400000|  0%| F|  |TAMS 0x000000060d000000, 0x000000060d000000| Untracked 
|  39|0x000000060d400000, 0x000000060d400000, 0x000000060d800000|  0%| F|  |TAMS 0x000000060d400000, 0x000000060d400000| Untracked 
|  40|0x000000060d800000, 0x000000060d800000, 0x000000060dc00000|  0%| F|  |TAMS 0x000000060d800000, 0x000000060d800000| Untracked 
|  41|0x000000060dc00000, 0x000000060dc00000, 0x000000060e000000|  0%| F|  |TAMS 0x000000060dc00000, 0x000000060dc00000| Untracked 
|  42|0x000000060e000000, 0x000000060e000000, 0x000000060e400000|  0%| F|  |TAMS 0x000000060e000000, 0x000000060e000000| Untracked 
|  43|0x000000060e400000, 0x000000060e400000, 0x000000060e800000|  0%| F|  |TAMS 0x000000060e400000, 0x000000060e400000| Untracked 
|  44|0x000000060e800000, 0x000000060e800000, 0x000000060ec00000|  0%| F|  |TAMS 0x000000060e800000, 0x000000060e800000| Untracked 
|  45|0x000000060ec00000, 0x000000060ec00000, 0x000000060f000000|  0%| F|  |TAMS 0x000000060ec00000, 0x000000060ec00000| Untracked 
|  46|0x000000060f000000, 0x000000060f000000, 0x000000060f400000|  0%| F|  |TAMS 0x000000060f000000, 0x000000060f000000| Untracked 
|  47|0x000000060f400000, 0x000000060f400000, 0x000000060f800000|  0%| F|  |TAMS 0x000000060f400000, 0x000000060f400000| Untracked 
|  48|0x000000060f800000, 0x000000060f800000, 0x000000060fc00000|  0%| F|  |TAMS 0x000000060f800000, 0x000000060f800000| Untracked 
|  49|0x000000060fc00000, 0x000000060fc00000, 0x0000000610000000|  0%| F|  |TAMS 0x000000060fc00000, 0x000000060fc00000| Untracked 
|  50|0x0000000610000000, 0x0000000610000000, 0x0000000610400000|  0%| F|  |TAMS 0x0000000610000000, 0x0000000610000000| Untracked 
|  51|0x0000000610400000, 0x0000000610400000, 0x0000000610800000|  0%| F|  |TAMS 0x0000000610400000, 0x0000000610400000| Untracked 
|  52|0x0000000610800000, 0x0000000610800000, 0x0000000610c00000|  0%| F|  |TAMS 0x0000000610800000, 0x0000000610800000| Untracked 
|  53|0x0000000610c00000, 0x0000000610c00000, 0x0000000611000000|  0%| F|  |TAMS 0x0000000610c00000, 0x0000000610c00000| Untracked 
|  54|0x0000000611000000, 0x0000000611000000, 0x0000000611400000|  0%| F|  |TAMS 0x0000000611000000, 0x0000000611000000| Untracked 
|  55|0x0000000611400000, 0x0000000611400000, 0x0000000611800000|  0%| F|  |TAMS 0x0000000611400000, 0x0000000611400000| Untracked 
|  56|0x0000000611800000, 0x0000000611800000, 0x0000000611c00000|  0%| F|  |TAMS 0x0000000611800000, 0x0000000611800000| Untracked 
|  57|0x0000000611c00000, 0x0000000611c00000, 0x0000000612000000|  0%| F|  |TAMS 0x0000000611c00000, 0x0000000611c00000| Untracked 
|  58|0x0000000612000000, 0x0000000612000000, 0x0000000612400000|  0%| F|  |TAMS 0x0000000612000000, 0x0000000612000000| Untracked 
|  59|0x0000000612400000, 0x0000000612400000, 0x0000000612800000|  0%| F|  |TAMS 0x0000000612400000, 0x0000000612400000| Untracked 
|  60|0x0000000612800000, 0x0000000612800000, 0x0000000612c00000|  0%| F|  |TAMS 0x0000000612800000, 0x0000000612800000| Untracked 
|  61|0x0000000612c00000, 0x0000000612c00000, 0x0000000613000000|  0%| F|  |TAMS 0x0000000612c00000, 0x0000000612c00000| Untracked 
|  62|0x0000000613000000, 0x0000000613000000, 0x0000000613400000|  0%| F|  |TAMS 0x0000000613000000, 0x0000000613000000| Untracked 
|  63|0x0000000613400000, 0x0000000613400000, 0x0000000613800000|  0%| F|  |TAMS 0x0000000613400000, 0x0000000613400000| Untracked 
|  64|0x0000000613800000, 0x0000000613800000, 0x0000000613c00000|  0%| F|  |TAMS 0x0000000613800000, 0x0000000613800000| Untracked 
|  65|0x0000000613c00000, 0x0000000613c00000, 0x0000000614000000|  0%| F|  |TAMS 0x0000000613c00000, 0x0000000613c00000| Untracked 
|  66|0x0000000614000000, 0x0000000614000000, 0x0000000614400000|  0%| F|  |TAMS 0x0000000614000000, 0x0000000614000000| Untracked 
|  67|0x0000000614400000, 0x0000000614400000, 0x0000000614800000|  0%| F|  |TAMS 0x0000000614400000, 0x0000000614400000| Untracked 
|  68|0x0000000614800000, 0x0000000614800000, 0x0000000614c00000|  0%| F|  |TAMS 0x0000000614800000, 0x0000000614800000| Untracked 
|  69|0x0000000614c00000, 0x0000000614c00000, 0x0000000615000000|  0%| F|  |TAMS 0x0000000614c00000, 0x0000000614c00000| Untracked 
|  70|0x0000000615000000, 0x0000000615000000, 0x0000000615400000|  0%| F|  |TAMS 0x0000000615000000, 0x0000000615000000| Untracked 
|  71|0x0000000615400000, 0x0000000615400000, 0x0000000615800000|  0%| F|  |TAMS 0x0000000615400000, 0x0000000615400000| Untracked 
|  72|0x0000000615800000, 0x0000000615800000, 0x0000000615c00000|  0%| F|  |TAMS 0x0000000615800000, 0x0000000615800000| Untracked 
|  73|0x0000000615c00000, 0x0000000615c00000, 0x0000000616000000|  0%| F|  |TAMS 0x0000000615c00000, 0x0000000615c00000| Untracked 
|  74|0x0000000616000000, 0x0000000616000000, 0x0000000616400000|  0%| F|  |TAMS 0x0000000616000000, 0x0000000616000000| Untracked 
|  75|0x0000000616400000, 0x0000000616400000, 0x0000000616800000|  0%| F|  |TAMS 0x0000000616400000, 0x0000000616400000| Untracked 
|  76|0x0000000616800000, 0x0000000616800000, 0x0000000616c00000|  0%| F|  |TAMS 0x0000000616800000, 0x0000000616800000| Untracked 
|  77|0x0000000616c00000, 0x0000000616c00000, 0x0000000617000000|  0%| F|  |TAMS 0x0000000616c00000, 0x0000000616c00000| Untracked 
|  78|0x0000000617000000, 0x0000000617000000, 0x0000000617400000|  0%| F|  |TAMS 0x0000000617000000, 0x0000000617000000| Untracked 
|  79|0x0000000617400000, 0x0000000617400000, 0x0000000617800000|  0%| F|  |TAMS 0x0000000617400000, 0x0000000617400000| Untracked 
|  80|0x0000000617800000, 0x0000000617800000, 0x0000000617c00000|  0%| F|  |TAMS 0x0000000617800000, 0x0000000617800000| Untracked 
|  81|0x0000000617c00000, 0x0000000617c00000, 0x0000000618000000|  0%| F|  |TAMS 0x0000000617c00000, 0x0000000617c00000| Untracked 
|  82|0x0000000618000000, 0x0000000618000000, 0x0000000618400000|  0%| F|  |TAMS 0x0000000618000000, 0x0000000618000000| Untracked 
|  83|0x0000000618400000, 0x0000000618400000, 0x0000000618800000|  0%| F|  |TAMS 0x0000000618400000, 0x0000000618400000| Untracked 
|  84|0x0000000618800000, 0x0000000618800000, 0x0000000618c00000|  0%| F|  |TAMS 0x0000000618800000, 0x0000000618800000| Untracked 
|  85|0x0000000618c00000, 0x0000000618c00000, 0x0000000619000000|  0%| F|  |TAMS 0x0000000618c00000, 0x0000000618c00000| Untracked 
|  86|0x0000000619000000, 0x0000000619000000, 0x0000000619400000|  0%| F|  |TAMS 0x0000000619000000, 0x0000000619000000| Untracked 
|  87|0x0000000619400000, 0x0000000619400000, 0x0000000619800000|  0%| F|  |TAMS 0x0000000619400000, 0x0000000619400000| Untracked 
|  88|0x0000000619800000, 0x0000000619800000, 0x0000000619c00000|  0%| F|  |TAMS 0x0000000619800000, 0x0000000619800000| Untracked 
|  89|0x0000000619c00000, 0x0000000619c00000, 0x000000061a000000|  0%| F|  |TAMS 0x0000000619c00000, 0x0000000619c00000| Untracked 
|  90|0x000000061a000000, 0x000000061a000000, 0x000000061a400000|  0%| F|  |TAMS 0x000000061a000000, 0x000000061a000000| Untracked 
|  91|0x000000061a400000, 0x000000061a400000, 0x000000061a800000|  0%| F|  |TAMS 0x000000061a400000, 0x000000061a400000| Untracked 
|  92|0x000000061a800000, 0x000000061a800000, 0x000000061ac00000|  0%| F|  |TAMS 0x000000061a800000, 0x000000061a800000| Untracked 
|  93|0x000000061ac00000, 0x000000061ac00000, 0x000000061b000000|  0%| F|  |TAMS 0x000000061ac00000, 0x000000061ac00000| Untracked 
|  94|0x000000061b000000, 0x000000061b000000, 0x000000061b400000|  0%| F|  |TAMS 0x000000061b000000, 0x000000061b000000| Untracked 
|  95|0x000000061b400000, 0x000000061b400000, 0x000000061b800000|  0%| F|  |TAMS 0x000000061b400000, 0x000000061b400000| Untracked 
|  96|0x000000061b800000, 0x000000061b800000, 0x000000061bc00000|  0%| F|  |TAMS 0x000000061b800000, 0x000000061b800000| Untracked 
|  97|0x000000061bc00000, 0x000000061bc00000, 0x000000061c000000|  0%| F|  |TAMS 0x000000061bc00000, 0x000000061bc00000| Untracked 
|  98|0x000000061c000000, 0x000000061c000000, 0x000000061c400000|  0%| F|  |TAMS 0x000000061c000000, 0x000000061c000000| Untracked 
|  99|0x000000061c400000, 0x000000061c400000, 0x000000061c800000|  0%| F|  |TAMS 0x000000061c400000, 0x000000061c400000| Untracked 
| 100|0x000000061c800000, 0x000000061c800000, 0x000000061cc00000|  0%| F|  |TAMS 0x000000061c800000, 0x000000061c800000| Untracked 
| 101|0x000000061cc00000, 0x000000061cc00000, 0x000000061d000000|  0%| F|  |TAMS 0x000000061cc00000, 0x000000061cc00000| Untracked 
| 102|0x000000061d000000, 0x000000061d000000, 0x000000061d400000|  0%| F|  |TAMS 0x000000061d000000, 0x000000061d000000| Untracked 
| 103|0x000000061d400000, 0x000000061d400000, 0x000000061d800000|  0%| F|  |TAMS 0x000000061d400000, 0x000000061d400000| Untracked 
| 104|0x000000061d800000, 0x000000061d800000, 0x000000061dc00000|  0%| F|  |TAMS 0x000000061d800000, 0x000000061d800000| Untracked 
| 105|0x000000061dc00000, 0x000000061dc00000, 0x000000061e000000|  0%| F|  |TAMS 0x000000061dc00000, 0x000000061dc00000| Untracked 
| 106|0x000000061e000000, 0x000000061e000000, 0x000000061e400000|  0%| F|  |TAMS 0x000000061e000000, 0x000000061e000000| Untracked 
| 107|0x000000061e400000, 0x000000061e400000, 0x000000061e800000|  0%| F|  |TAMS 0x000000061e400000, 0x000000061e400000| Untracked 
| 108|0x000000061e800000, 0x000000061e800000, 0x000000061ec00000|  0%| F|  |TAMS 0x000000061e800000, 0x000000061e800000| Untracked 
| 109|0x000000061ec00000, 0x000000061ec00000, 0x000000061f000000|  0%| F|  |TAMS 0x000000061ec00000, 0x000000061ec00000| Untracked 
| 110|0x000000061f000000, 0x000000061f000000, 0x000000061f400000|  0%| F|  |TAMS 0x000000061f000000, 0x000000061f000000| Untracked 
| 111|0x000000061f400000, 0x000000061f400000, 0x000000061f800000|  0%| F|  |TAMS 0x000000061f400000, 0x000000061f400000| Untracked 
| 112|0x000000061f800000, 0x000000061f800000, 0x000000061fc00000|  0%| F|  |TAMS 0x000000061f800000, 0x000000061f800000| Untracked 
| 113|0x000000061fc00000, 0x000000061fc00000, 0x0000000620000000|  0%| F|  |TAMS 0x000000061fc00000, 0x000000061fc00000| Untracked 
| 114|0x0000000620000000, 0x0000000620000000, 0x0000000620400000|  0%| F|  |TAMS 0x0000000620000000, 0x0000000620000000| Untracked 
| 115|0x0000000620400000, 0x0000000620400000, 0x0000000620800000|  0%| F|  |TAMS 0x0000000620400000, 0x0000000620400000| Untracked 
| 116|0x0000000620800000, 0x0000000620800000, 0x0000000620c00000|  0%| F|  |TAMS 0x0000000620800000, 0x0000000620800000| Untracked 
| 117|0x0000000620c00000, 0x0000000620c00000, 0x0000000621000000|  0%| F|  |TAMS 0x0000000620c00000, 0x0000000620c00000| Untracked 
| 118|0x0000000621000000, 0x0000000621000000, 0x0000000621400000|  0%| F|  |TAMS 0x0000000621000000, 0x0000000621000000| Untracked 
| 119|0x0000000621400000, 0x0000000621400000, 0x0000000621800000|  0%| F|  |TAMS 0x0000000621400000, 0x0000000621400000| Untracked 
| 120|0x0000000621800000, 0x0000000621800000, 0x0000000621c00000|  0%| F|  |TAMS 0x0000000621800000, 0x0000000621800000| Untracked 
| 121|0x0000000621c00000, 0x0000000621c00000, 0x0000000622000000|  0%| F|  |TAMS 0x0000000621c00000, 0x0000000621c00000| Untracked 
| 122|0x0000000622000000, 0x0000000622000000, 0x0000000622400000|  0%| F|  |TAMS 0x0000000622000000, 0x0000000622000000| Untracked 
| 123|0x0000000622400000, 0x000000062247b688, 0x0000000622800000| 12%| E|  |TAMS 0x0000000622400000, 0x0000000622400000| Complete 
| 124|0x0000000622800000, 0x0000000622c00000, 0x0000000622c00000|100%| E|CS|TAMS 0x0000000622800000, 0x0000000622800000| Complete 
| 125|0x0000000622c00000, 0x0000000623000000, 0x0000000623000000|100%| E|CS|TAMS 0x0000000622c00000, 0x0000000622c00000| Complete 
| 126|0x0000000623000000, 0x0000000623400000, 0x0000000623400000|100%| E|CS|TAMS 0x0000000623000000, 0x0000000623000000| Complete 
| 127|0x0000000623400000, 0x0000000623800000, 0x0000000623800000|100%| E|CS|TAMS 0x0000000623400000, 0x0000000623400000| Complete 

Card table byte_map: [0x000001aaf9800000,0x000001aafa7f0000] _byte_map_base: 0x000001aaf67e4000

Marking Bits (Prev, Next): (CMBitMap*) 0x000001aae5ebf120, (CMBitMap*) 0x000001aae5ebf160
 Prev Bits: [0x000001aa80000000, 0x000001aa87f20000)
 Next Bits: [0x000001aa87f20000, 0x000001aa8fe40000)

Polling page: 0x000001aae3d60000

Metaspace:

Usage:
  Non-class:     11.14 MB used.
      Class:      1.15 MB used.
       Both:     12.28 MB used.

Virtual space:
  Non-class space:       16.00 MB reserved,      11.25 MB ( 70%) committed,  2 nodes.
      Class space:        1.00 GB reserved,       1.25 MB ( <1%) committed,  1 nodes.
             Both:        1.02 GB reserved,      12.50 MB (  1%) committed. 

Chunk freelists:
   Non-Class:  560.00 KB
       Class:  2.61 MB
        Both:  3.15 MB

MaxMetaspaceSize: unlimited
CompressedClassSpaceSize: 1.00 GB
Initial GC threshold: 21.00 MB
Current GC threshold: 21.00 MB
CDS: off
MetaspaceReclaimPolicy: balanced
 - commit_granule_bytes: 65536.
 - commit_granule_words: 8192.
 - virtual_space_node_default_size: 1048576.
 - enlarge_chunks_in_place: 1.
 - new_chunks_are_fully_committed: 0.
 - uncommit_free_chunks: 1.
 - use_allocation_guard: 0.
 - handle_deallocations: 1.


Internal statistics:

num_allocs_failed_limit: 0.
num_arena_births: 32.
num_arena_deaths: 0.
num_vsnodes_births: 3.
num_vsnodes_deaths: 0.
num_space_committed: 200.
num_space_uncommitted: 0.
num_chunks_returned_to_freelist: 0.
num_chunks_taken_from_freelist: 119.
num_chunk_merges: 0.
num_chunk_splits: 61.
num_chunks_enlarged: 43.
num_purges: 0.
num_inconsistent_stats: 0.

CodeHeap 'non-profiled nmethods': size=120000Kb used=271Kb max_used=271Kb free=119728Kb
 bounds [0x000001aaf0fb0000, 0x000001aaf1220000, 0x000001aaf84e0000]
CodeHeap 'profiled nmethods': size=120000Kb used=1617Kb max_used=1617Kb free=118382Kb
 bounds [0x000001aae9a80000, 0x000001aae9cf0000, 0x000001aaf0fb0000]
CodeHeap 'non-nmethods': size=5760Kb used=1227Kb max_used=1241Kb free=4532Kb
 bounds [0x000001aae94e0000, 0x000001aae9750000, 0x000001aae9a80000]
 total_blobs=1310 nmethods=874 adapters=349
 compilation: enabled
              stopped_count=0, restarted_count=0
 full_count=0

Compilation events (20 events):
Event: 0.561 Thread 0x000001aafecef880  867       3       java.nio.ByteBuffer::position (6 bytes)
Event: 0.561 Thread 0x000001aafecef880 nmethod 867 0x000001aae9c10210 code [0x000001aae9c103c0, 0x000001aae9c105a8]
Event: 0.561 Thread 0x000001aafecef880  868       3       java.nio.ByteBuffer::<init> (47 bytes)
Event: 0.561 Thread 0x000001aafecef880 nmethod 868 0x000001aae9c10690 code [0x000001aae9c10840, 0x000001aae9c10aa8]
Event: 0.561 Thread 0x000001aafecef880  869       3       java.nio.ByteBuffer::limit (6 bytes)
Event: 0.561 Thread 0x000001aafecef880 nmethod 869 0x000001aae9c10b90 code [0x000001aae9c10d40, 0x000001aae9c10f28]
Event: 0.561 Thread 0x000001aafecef880  872       3       java.nio.HeapByteBuffer::slice (49 bytes)
Event: 0.562 Thread 0x000001aafecef880 nmethod 872 0x000001aae9c11010 code [0x000001aae9c111c0, 0x000001aae9c11448]
Event: 0.562 Thread 0x000001aafecef880  873       3       java.nio.HeapByteBuffer::<init> (31 bytes)
Event: 0.562 Thread 0x000001aafecef880 nmethod 873 0x000001aae9c11590 code [0x000001aae9c11720, 0x000001aae9c118e8]
Event: 0.562 Thread 0x000001aafecef880  874       3       Record::<init> (10 bytes)
Event: 0.562 Thread 0x000001aafecef880 nmethod 874 0x000001aae9c11990 code [0x000001aae9c11b20, 0x000001aae9c11cd8]
Event: 0.562 Thread 0x000001aafecef880  870   !   3       java.nio.ByteBuffer::wrap (21 bytes)
Event: 0.562 Thread 0x000001aafecef880 nmethod 870 0x000001aae9c11d90 code [0x000001aae9c11f60, 0x000001aae9c12218]
Event: 0.562 Thread 0x000001aafecef880  871       3       java.nio.HeapByteBuffer::<init> (23 bytes)
Event: 0.562 Thread 0x000001aafecef880 nmethod 871 0x000001aae9c12390 code [0x000001aae9c12540, 0x000001aae9c126e8]
Event: 0.562 Thread 0x000001aafecef880  859       3       java.lang.AbstractStringBuilder::appendChars (207 bytes)
Event: 0.563 Thread 0x000001aafecef880 nmethod 859 0x000001aae9c12810 code [0x000001aae9c12ac0, 0x000001aae9c13aa8]
Event: 0.564 Thread 0x000001aafecef880  860       3       org.eclipse.jdt.launching.internal.org.objectweb.asm.FieldWriter::computeFieldInfoSize (86 bytes)
Event: 0.564 Thread 0x000001aafecef880 nmethod 860 0x000001aae9c14090 code [0x000001aae9c14260, 0x000001aae9c14558]

GC Heap History (0 events):
No events

Deoptimization events (20 events):
Event: 0.523 Thread 0x000001aae5e12ac0 DEOPT PACKING pc=0x000001aaf0ff14b8 sp=0x0000003d45efd470
Event: 0.523 Thread 0x000001aae5e12ac0 DEOPT UNPACKING pc=0x000001aae9535c23 sp=0x0000003d45efd3b0 mode 2
Event: 0.523 Thread 0x000001aae5e12ac0 Uncommon trap: trap_request=0xffffff45 fr.pc=0x000001aaf0ff0e9c relative=0x000000000000027c
Event: 0.523 Thread 0x000001aae5e12ac0 Uncommon trap: reason=unstable_if action=reinterpret pc=0x000001aaf0ff0e9c method=java.io.BufferedReader.read()I @ 19 c2
Event: 0.523 Thread 0x000001aae5e12ac0 DEOPT PACKING pc=0x000001aaf0ff0e9c sp=0x0000003d45efd270
Event: 0.523 Thread 0x000001aae5e12ac0 DEOPT UNPACKING pc=0x000001aae9535c23 sp=0x0000003d45efd220 mode 2
Event: 0.542 Thread 0x000001aae5e12ac0 DEOPT PACKING pc=0x000001aae9bbad5c sp=0x0000003d45efd960
Event: 0.542 Thread 0x000001aae5e12ac0 DEOPT UNPACKING pc=0x000001aae9536763 sp=0x0000003d45efce18 mode 1
Event: 0.543 Thread 0x000001aae5e12ac0 DEOPT PACKING pc=0x000001aae9bf5c79 sp=0x0000003d45efcc90
Event: 0.543 Thread 0x000001aae5e12ac0 DEOPT UNPACKING pc=0x000001aae9536763 sp=0x0000003d45efc0f0 mode 0
Event: 0.543 Thread 0x000001aae5e12ac0 DEOPT PACKING pc=0x000001aae9bbad5c sp=0x0000003d45efd960
Event: 0.543 Thread 0x000001aae5e12ac0 DEOPT UNPACKING pc=0x000001aae9536763 sp=0x0000003d45efce18 mode 1
Event: 0.543 Thread 0x000001aae5e12ac0 DEOPT PACKING pc=0x000001aae9bbad5c sp=0x0000003d45efd970
Event: 0.543 Thread 0x000001aae5e12ac0 DEOPT UNPACKING pc=0x000001aae9536763 sp=0x0000003d45efce28 mode 1
Event: 0.543 Thread 0x000001aae5e12ac0 DEOPT PACKING pc=0x000001aae9bbad5c sp=0x0000003d45efd9c0
Event: 0.543 Thread 0x000001aae5e12ac0 DEOPT UNPACKING pc=0x000001aae9536763 sp=0x0000003d45efce78 mode 1
Event: 0.544 Thread 0x000001aae5e12ac0 DEOPT PACKING pc=0x000001aae9bbad5c sp=0x0000003d45efd9c0
Event: 0.544 Thread 0x000001aae5e12ac0 DEOPT UNPACKING pc=0x000001aae9536763 sp=0x0000003d45efce78 mode 1
Event: 0.544 Thread 0x000001aae5e12ac0 DEOPT PACKING pc=0x000001aae9bbad5c sp=0x0000003d45efd9b0
Event: 0.544 Thread 0x000001aae5e12ac0 DEOPT UNPACKING pc=0x000001aae9536763 sp=0x0000003d45efce68 mode 1

Classes unloaded (0 events):
No events

Classes redefined (1 events):
Event: 100.461 Thread 0x000001aafec79040 redefined class name=MaxHeap, count=1

Internal exceptions (12 events):
Event: 0.391 Thread 0x000001aae5e12ac0 Exception <a 'java/lang/NoSuchMethodError'{0x00000006232d91f8}: 'java.lang.Object java.lang.invoke.DirectMethodHandle$Holder.invokeStaticInit(java.lang.Object)'> (0x00000006232d91f8) 
thrown [s\src\hotspot\share\interpreter\linkResolver.cpp, line 759]
Event: 0.396 Thread 0x000001aae5e12ac0 Exception <a 'java/lang/NoSuchMethodError'{0x0000000623300cf8}: 'void java.lang.invoke.DirectMethodHandle$Holder.invokeStatic(java.lang.Object, java.lang.Object)'> (0x0000000623300cf8) 
thrown [s\src\hotspot\share\interpreter\linkResolver.cpp, line 759]
Event: 0.456 Thread 0x000001aae5e12ac0 Exception <a 'java/lang/NoSuchMethodError'{0x0000000622f59890}: 'java.lang.Object java.lang.invoke.DirectMethodHandle$Holder.invokeInterface(java.lang.Object, java.lang.Object)'> (0x0000000622f59890) 
thrown [s\src\hotspot\share\interpreter\linkResolver.cpp, line 759]
Event: 0.456 Thread 0x000001aae5e12ac0 Exception <a 'java/lang/IncompatibleClassChangeError'{0x0000000622f5d088}: Found class java.lang.Object, but interface was expected> (0x0000000622f5d088) 
thrown [s\src\hotspot\share\interpreter\linkResolver.cpp, line 826]
Event: 0.474 Thread 0x000001aae5e12ac0 Exception <a 'java/lang/NoSuchMethodError'{0x0000000622876828}: 'java.lang.Object java.lang.invoke.DirectMethodHandle$Holder.newInvokeSpecial(java.lang.Object, java.lang.Object, java.lang.Object, java.lang.Object, java.lang.Object)'> (0x0000000622876828) 
thrown [s\src\hotspot\share\interpreter\linkResolver.cpp, line 759]
Event: 0.501 Thread 0x000001aae5e12ac0 Exception <a 'java/lang/NoSuchMethodError'{0x0000000622a83dd0}: 'int java.lang.invoke.DirectMethodHandle$Holder.invokeStaticInit(java.lang.Object, java.lang.Object, java.lang.Object, java.lang.Object)'> (0x0000000622a83dd0) 
thrown [s\src\hotspot\share\interpreter\linkResolver.cpp, line 759]
Event: 0.501 Thread 0x000001aae5e12ac0 Exception <a 'java/lang/IncompatibleClassChangeError'{0x0000000622a8d4e8}: Found class java.lang.Object, but interface was expected> (0x0000000622a8d4e8) 
thrown [s\src\hotspot\share\interpreter\linkResolver.cpp, line 826]
Event: 0.502 Thread 0x000001aae5e12ac0 Exception <a 'java/lang/NoSuchMethodError'{0x0000000622a90a70}: 'void java.lang.invoke.DirectMethodHandle$Holder.invokeStaticInit(java.lang.Object, java.lang.Object)'> (0x0000000622a90a70) 
thrown [s\src\hotspot\share\interpreter\linkResolver.cpp, line 759]
Event: 0.504 Thread 0x000001aae5e12ac0 Exception <a 'java/lang/NoSuchMethodError'{0x0000000622a98ea8}: 'int java.lang.invoke.DirectMethodHandle$Holder.invokeStaticInit(java.lang.Object, java.lang.Object)'> (0x0000000622a98ea8) 
thrown [s\src\hotspot\share\interpreter\linkResolver.cpp, line 759]
Event: 0.522 Thread 0x000001aae5e12ac0 Exception <a 'java/lang/ClassNotFoundException'{0x0000000622b193e0}: javax/smartcardio/CardPermission> (0x0000000622b193e0) 
thrown [s\src\hotspot\share\classfile\systemDictionary.cpp, line 256]
Event: 0.523 Thread 0x000001aae5e12ac0 Exception <a 'java/io/FileNotFoundException'{0x0000000622b29f88}> (0x0000000622b29f88) 
thrown [s\src\hotspot\share\prims\jni.cpp, line 516]
Event: 0.538 Thread 0x000001aae5e12ac0 Exception <a 'java/lang/NoSuchMethodError'{0x0000000622bb51b0}: 'int java.lang.invoke.DirectMethodHandle$Holder.invokeSpecial(java.lang.Object, java.lang.Object, java.lang.Object)'> (0x0000000622bb51b0) 
thrown [s\src\hotspot\share\interpreter\linkResolver.cpp, line 759]

VM Operations (20 events):
Event: 80.114 Executing VM operation: get/set locals
Event: 80.114 Executing VM operation: get/set locals done
Event: 80.114 Executing VM operation: get/set locals
Event: 80.114 Executing VM operation: get/set locals done
Event: 80.114 Executing VM operation: get/set locals
Event: 80.115 Executing VM operation: get/set locals done
Event: 80.211 Executing VM operation: get/set locals
Event: 80.212 Executing VM operation: get/set locals done
Event: 80.213 Executing VM operation: get/set locals
Event: 80.213 Executing VM operation: get/set locals done
Event: 86.034 Executing VM operation: get/set locals
Event: 86.034 Executing VM operation: get/set locals done
Event: 100.460 Executing VM operation: RedefineClasses
Event: 100.463 Executing VM operation: RedefineClasses done
Event: 100.470 Executing VM operation: ChangeBreakpoints
Event: 100.470 Executing VM operation: ChangeBreakpoints done
Event: 100.478 Executing VM operation: ChangeBreakpoints
Event: 100.478 Executing VM operation: ChangeBreakpoints done
Event: 100.488 Executing VM operation: ChangeBreakpoints
Event: 100.488 Executing VM operation: ChangeBreakpoints done

Events (20 events):
Event: 0.538 loading class java/util/stream/ReduceOps$2 done
Event: 0.538 loading class java/util/stream/ReduceOps$2ReducingSink
Event: 0.538 loading class java/util/stream/ReduceOps$2ReducingSink done
Event: 0.538 loading class sun/management/RuntimeImpl
Event: 0.538 loading class sun/management/RuntimeImpl done
Event: 0.538 loading class java/util/Collections$SingletonMap
Event: 0.538 loading class java/util/Collections$SingletonMap done
Event: 0.538 loading class java/util/Collections$2
Event: 0.538 loading class java/util/Collections$2 done
Event: 0.539 loading class sun/management/Util
Event: 0.539 loading class sun/management/Util done
Event: 0.540 loading class java/lang/management/ManagementPermission
Event: 0.540 loading class java/lang/management/ManagementPermission done
Event: 0.540 loading class java/lang/NumberFormatException
Event: 0.540 loading class java/lang/NumberFormatException done
Event: 0.542 loading class java/util/Stack
Event: 0.542 loading class java/util/Stack done
Event: 0.544 loading class java/io/StringBufferInputStream
Event: 0.544 loading class java/io/StringBufferInputStream done
Event: 5.574 Thread 0x000001aafee960b0 Thread exited: 0x000001aafee960b0


Dynamic libraries:
0x00007ff7fb2c0000 - 0x00007ff7fb2ce000 	C:\Users\18406\.p2\pool\plugins\org.eclipse.justj.openjdk.hotspot.jre.full.win32.x86_64_17.0.4.v20220805-1047\jre\bin\javaw.exe
0x00007ffe28090000 - 0x00007ffe28288000 	C:\WINDOWS\SYSTEM32\ntdll.dll
0x00007ffe27e80000 - 0x00007ffe27f3d000 	C:\WINDOWS\System32\KERNEL32.DLL
0x00007ffe25b90000 - 0x00007ffe25e62000 	C:\WINDOWS\System32\KERNELBASE.dll
0x00007ffe257a0000 - 0x00007ffe258a0000 	C:\WINDOWS\System32\ucrtbase.dll
0x00007ffe1eea0000 - 0x00007ffe1eeb8000 	C:\Users\18406\.p2\pool\plugins\org.eclipse.justj.openjdk.hotspot.jre.full.win32.x86_64_17.0.4.v20220805-1047\jre\bin\jli.dll
0x00007ffe0acc0000 - 0x00007ffe0acd9000 	C:\Users\18406\.p2\pool\plugins\org.eclipse.justj.openjdk.hotspot.jre.full.win32.x86_64_17.0.4.v20220805-1047\jre\bin\VCRUNTIME140.dll
0x00007ffe26e00000 - 0x00007ffe26f9d000 	C:\WINDOWS\System32\USER32.dll
0x00007ffe25b60000 - 0x00007ffe25b82000 	C:\WINDOWS\System32\win32u.dll
0x00007ffe06bb0000 - 0x00007ffe06e4a000 	C:\WINDOWS\WinSxS\amd64_microsoft.windows.common-controls_6595b64144ccf1df_6.0.19041.1110_none_60b5254171f9507e\COMCTL32.dll
0x00007ffe28020000 - 0x00007ffe2804b000 	C:\WINDOWS\System32\GDI32.dll
0x00007ffe27200000 - 0x00007ffe2729e000 	C:\WINDOWS\System32\msvcrt.dll
0x00007ffe25f30000 - 0x00007ffe2603f000 	C:\WINDOWS\System32\gdi32full.dll
0x00007ffe25a50000 - 0x00007ffe25aed000 	C:\WINDOWS\System32\msvcp_win.dll
0x00007ffe26240000 - 0x00007ffe26270000 	C:\WINDOWS\System32\IMM32.DLL
0x00007ffe1f240000 - 0x00007ffe1f24c000 	C:\Users\18406\.p2\pool\plugins\org.eclipse.justj.openjdk.hotspot.jre.full.win32.x86_64_17.0.4.v20220805-1047\jre\bin\vcruntime140_1.dll
0x00007ffe08af0000 - 0x00007ffe08b81000 	C:\Users\18406\.p2\pool\plugins\org.eclipse.justj.openjdk.hotspot.jre.full.win32.x86_64_17.0.4.v20220805-1047\jre\bin\msvcp140.dll
0x00007ffd80460000 - 0x00007ffd810a6000 	C:\Users\18406\.p2\pool\plugins\org.eclipse.justj.openjdk.hotspot.jre.full.win32.x86_64_17.0.4.v20220805-1047\jre\bin\server\jvm.dll
0x00007ffe27940000 - 0x00007ffe279ee000 	C:\WINDOWS\System32\ADVAPI32.dll
0x00007ffe260f0000 - 0x00007ffe2618c000 	C:\WINDOWS\System32\sechost.dll
0x00007ffe270c0000 - 0x00007ffe271e5000 	C:\WINDOWS\System32\RPCRT4.dll
0x00007ffe27fa0000 - 0x00007ffe27fa8000 	C:\WINDOWS\System32\PSAPI.DLL
0x00007ffe1c370000 - 0x00007ffe1c37a000 	C:\WINDOWS\SYSTEM32\VERSION.dll
0x00007ffe083c0000 - 0x00007ffe083c9000 	C:\WINDOWS\SYSTEM32\WSOCK32.dll
0x00007ffe27050000 - 0x00007ffe270bb000 	C:\WINDOWS\System32\WS2_32.dll
0x00007ffe09490000 - 0x00007ffe094b7000 	C:\WINDOWS\SYSTEM32\WINMM.dll
0x00007ffe23ff0000 - 0x00007ffe24002000 	C:\WINDOWS\SYSTEM32\kernel.appcore.dll
0x00007ffe083b0000 - 0x00007ffe083ba000 	C:\Users\18406\.p2\pool\plugins\org.eclipse.justj.openjdk.hotspot.jre.full.win32.x86_64_17.0.4.v20220805-1047\jre\bin\jimage.dll
0x00007ffe23390000 - 0x00007ffe23574000 	C:\WINDOWS\SYSTEM32\DBGHELP.DLL
0x00007ffe09350000 - 0x00007ffe0937c000 	C:\WINDOWS\SYSTEM32\dbgcore.DLL
0x00007ffe25e70000 - 0x00007ffe25ef2000 	C:\WINDOWS\System32\bcryptPrimitives.dll
0x00007ffe08a50000 - 0x00007ffe08a8b000 	C:\Users\18406\.p2\pool\plugins\org.eclipse.justj.openjdk.hotspot.jre.full.win32.x86_64_17.0.4.v20220805-1047\jre\bin\jdwp.dll
0x00007ffe1ee90000 - 0x00007ffe1ee9e000 	C:\Users\18406\.p2\pool\plugins\org.eclipse.justj.openjdk.hotspot.jre.full.win32.x86_64_17.0.4.v20220805-1047\jre\bin\instrument.dll
0x00007ffdecf90000 - 0x00007ffdecfb5000 	C:\Users\18406\.p2\pool\plugins\org.eclipse.justj.openjdk.hotspot.jre.full.win32.x86_64_17.0.4.v20220805-1047\jre\bin\java.dll
0x00007ffdf5580000 - 0x00007ffdf5598000 	C:\Users\18406\.p2\pool\plugins\org.eclipse.justj.openjdk.hotspot.jre.full.win32.x86_64_17.0.4.v20220805-1047\jre\bin\zip.dll
0x00007ffe26450000 - 0x00007ffe26b93000 	C:\WINDOWS\System32\SHELL32.dll
0x00007ffe23840000 - 0x00007ffe23fd1000 	C:\WINDOWS\SYSTEM32\windows.storage.dll
0x00007ffe279f0000 - 0x00007ffe27d44000 	C:\WINDOWS\System32\combase.dll
0x00007ffe25200000 - 0x00007ffe25230000 	C:\WINDOWS\SYSTEM32\Wldp.dll
0x00007ffe26fa0000 - 0x00007ffe2704d000 	C:\WINDOWS\System32\SHCORE.dll
0x00007ffe263f0000 - 0x00007ffe26445000 	C:\WINDOWS\System32\shlwapi.dll
0x00007ffe256e0000 - 0x00007ffe256ff000 	C:\WINDOWS\SYSTEM32\profapi.dll
0x00007ffe0b280000 - 0x00007ffe0b28c000 	C:\Users\18406\.p2\pool\plugins\org.eclipse.justj.openjdk.hotspot.jre.full.win32.x86_64_17.0.4.v20220805-1047\jre\bin\dt_socket.dll
0x00007ffe24c00000 - 0x00007ffe24c3b000 	C:\WINDOWS\SYSTEM32\IPHLPAPI.DLL
0x00007ffe24f60000 - 0x00007ffe24fca000 	C:\WINDOWS\system32\mswsock.dll
0x00007ffe24c50000 - 0x00007ffe24d1a000 	C:\WINDOWS\SYSTEM32\DNSAPI.dll
0x00007ffe27fb0000 - 0x00007ffe27fb8000 	C:\WINDOWS\System32\NSI.dll
0x00007ffe1c0a0000 - 0x00007ffe1c0aa000 	C:\Windows\System32\rasadhlp.dll
0x00007ffe19bf0000 - 0x00007ffe19c70000 	C:\WINDOWS\System32\fwpuclnt.dll
0x00007ffe25f00000 - 0x00007ffe25f27000 	C:\WINDOWS\System32\bcrypt.dll
0x00007ffded050000 - 0x00007ffded069000 	C:\Users\18406\.p2\pool\plugins\org.eclipse.justj.openjdk.hotspot.jre.full.win32.x86_64_17.0.4.v20220805-1047\jre\bin\net.dll
0x00007ffe201a0000 - 0x00007ffe202ad000 	C:\WINDOWS\SYSTEM32\WINHTTP.dll
0x00007ffde69f0000 - 0x00007ffde6a05000 	C:\Users\18406\.p2\pool\plugins\org.eclipse.justj.openjdk.hotspot.jre.full.win32.x86_64_17.0.4.v20220805-1047\jre\bin\nio.dll
0x00007ffe083a0000 - 0x00007ffe083b0000 	C:\Users\18406\.p2\pool\plugins\org.eclipse.justj.openjdk.hotspot.jre.full.win32.x86_64_17.0.4.v20220805-1047\jre\bin\verify.dll
0x00007ffe1c140000 - 0x00007ffe1c157000 	C:\WINDOWS\SYSTEM32\dhcpcsvc6.DLL
0x00007ffe1c0b0000 - 0x00007ffe1c0cd000 	C:\WINDOWS\SYSTEM32\dhcpcsvc.DLL
0x00007ffe0acb0000 - 0x00007ffe0acb9000 	C:\Users\18406\.p2\pool\plugins\org.eclipse.justj.openjdk.hotspot.jre.full.win32.x86_64_17.0.4.v20220805-1047\jre\bin\management.dll
0x00007ffe096e0000 - 0x00007ffe096eb000 	C:\Users\18406\.p2\pool\plugins\org.eclipse.justj.openjdk.hotspot.jre.full.win32.x86_64_17.0.4.v20220805-1047\jre\bin\management_ext.dll

dbghelp: loaded successfully - version: 4.0.5 - missing functions: none
symbol engine: initialized successfully - sym options: 0x614 - pdb path: .;C:\Users\18406\.p2\pool\plugins\org.eclipse.justj.openjdk.hotspot.jre.full.win32.x86_64_17.0.4.v20220805-1047\jre\bin;C:\WINDOWS\SYSTEM32;C:\WINDOWS\WinSxS\amd64_microsoft.windows.common-controls_6595b64144ccf1df_6.0.19041.1110_none_60b5254171f9507e;C:\Users\18406\.p2\pool\plugins\org.eclipse.justj.openjdk.hotspot.jre.full.win32.x86_64_17.0.4.v20220805-1047\jre\bin\server

VM Arguments:
jvm_args: -XX:+ShowCodeDetailsInExceptionMessages -agentlib:jdwp=transport=dt_socket,suspend=y,address=localhost:53774 -ea -javaagent:D:\Eclipse\eclipse\configuration\org.eclipse.osgi\215\0\.cp\lib\javaagent-shaded.jar -Dfile.encoding=UTF-8 
java_command: org.eclipse.jdt.internal.junit.runner.RemoteTestRunner -version 3 -port 53773 -testLoaderClass org.eclipse.jdt.internal.junit4.runner.JUnit4TestLoader -loaderpluginname org.eclipse.jdt.junit4.runtime -test HeapSortTest:testMain
java_class_path (initial): D:\Eclipse Workplace\ExternalSort3\bin;D:\Eclipse Workplace\student.jar;D:\Eclipse\eclipse\configuration\org.eclipse.osgi\213\0\.cp;D:\Eclipse\eclipse\configuration\org.eclipse.osgi\212\0\.cp
Launcher Type: SUN_STANDARD

[Global flags]
     intx CICompilerCount                          = 4                                         {product} {ergonomic}
     uint ConcGCThreads                            = 2                                         {product} {ergonomic}
     uint G1ConcRefinementThreads                  = 8                                         {product} {ergonomic}
   size_t G1HeapRegionSize                         = 4194304                                   {product} {ergonomic}
    uintx GCDrainStackTargetSize                   = 64                                        {product} {ergonomic}
   size_t InitialHeapSize                          = 536870912                                 {product} {ergonomic}
   size_t MarkStackSize                            = 4194304                                   {product} {ergonomic}
   size_t MaxHeapSize                              = 8531214336                                {product} {ergonomic}
   size_t MaxNewSize                               = 5117050880                                {product} {ergonomic}
   size_t MinHeapDeltaBytes                        = 4194304                                   {product} {ergonomic}
   size_t MinHeapSize                              = 8388608                                   {product} {ergonomic}
    uintx NonNMethodCodeHeapSize                   = 5839372                                {pd product} {ergonomic}
    uintx NonProfiledCodeHeapSize                  = 122909434                              {pd product} {ergonomic}
    uintx ProfiledCodeHeapSize                     = 122909434                              {pd product} {ergonomic}
    uintx ReservedCodeCacheSize                    = 251658240                              {pd product} {ergonomic}
     bool SegmentedCodeCache                       = true                                      {product} {ergonomic}
     bool ShowCodeDetailsInExceptionMessages       = true                                   {manageable} {command line}
   size_t SoftMaxHeapSize                          = 8531214336                             {manageable} {ergonomic}
     bool UseCompressedClassPointers               = true                           {product lp64_product} {ergonomic}
     bool UseCompressedOops                        = true                           {product lp64_product} {ergonomic}
     bool UseG1GC                                  = true                                      {product} {ergonomic}
     bool UseLargePagesIndividualAllocation        = false                                  {pd product} {ergonomic}

Logging:
Log output configuration:
 #0: stdout all=warning uptime,level,tags
 #1: stderr all=off uptime,level,tags

Environment Variables:
PATH=C:\Users\18406\.p2\pool\plugins\org.eclipse.justj.openjdk.hotspot.jre.full.win32.x86_64_17.0.4.v20220805-1047\jre\bin;C:/Users/18406/.p2/pool/plugins/org.eclipse.justj.openjdk.hotspot.jre.full.win32.x86_64_17.0.4.v20220805-1047/jre/bin/server;C:/Users/18406/.p2/pool/plugins/org.eclipse.justj.openjdk.hotspot.jre.full.win32.x86_64_17.0.4.v20220805-1047/jre/bin;C:\Program Files (x86)\NVIDIA Corporation\PhysX\Common;C:\Python310\Scripts\;C:\Python310\;C:\WINDOWS\system32;C:\WINDOWS;C:\WINDOWS\System32\Wbem;C:\WINDOWS\System32\WindowsPowerShell\v1.0\;C:\WINDOWS\System32\OpenSSH\;C:\ProgramData\chocolatey\bin;C:\Program Files\Git\cmd;D:\nodeJS\;C:\Users\18406\AppData\Local\Microsoft\WindowsApps;;D:\VScode\Microsoft VS Code\bin;C:\Users\18406\AppData\Roaming\npm;C:\Users\18406\OneDrive\Desktop;
USERNAME=18406
OS=Windows_NT
PROCESSOR_IDENTIFIER=Intel64 Family 6 Model 140 Stepping 1, GenuineIntel
TMP=C:\Users\18406\AppData\Local\Temp
TEMP=C:\Users\18406\AppData\Local\Temp



---------------  S Y S T E M  ---------------

OS:
 Windows 10 , 64 bit Build 19041 (10.0.19041.1889)
OS uptime: 0 days 4:34 hours

CPU: total 8 (initial active 8) (4 cores per cpu, 2 threads per core) family 6 model 140 stepping 1 microcode 0xa4, cx8, cmov, fxsr, ht, mmx, 3dnowpref, sse, sse2, sse3, ssse3, sse4.1, sse4.2, popcnt, lzcnt, tsc, tscinvbit, avx, avx2, aes, erms, clmul, bmi1, bmi2, adx, avx512f, avx512dq, avx512cd, avx512bw, avx512vl, sha, fma, vzeroupper, avx512_vpopcntdq, avx512_vpclmulqdq, avx512_vaes, avx512_vnni, clflush, clflushopt, clwb, avx512_vbmi2, avx512_vbmi

Memory: 4k page, system-wide physical 32533M (22832M free)
TotalPageFile size 37397M (AvailPageFile size 27245M)
current process WorkingSet (physical memory assigned to process): 64M, peak: 68M
current process commit charge ("private bytes"): 617M, peak: 619M

vm_info: OpenJDK 64-Bit Server VM (17.0.4+8) for windows-amd64 JRE (17.0.4+8), built on Jul 19 2022 16:05:16 by "temurin" with MS VC++ 16.7 (VS2019)

END.
